0 info it worked if it ends with ok
1 verbose cli [ 'C:\\Program Files\\nodejs\\node.exe',
1 verbose cli   'C:\\Program Files\\nodejs\\node_modules\\npm\\bin\\npm-cli.js',
1 verbose cli   'run',
1 verbose cli   'openbs' ]
2 info using npm@3.10.8
3 info using node@v6.10.3
4 verbose run-script [ 'preopenbs', 'openbs', 'postopenbs' ]
5 info lifecycle react-redux-template@1.0.0~preopenbs: react-redux-template@1.0.0
6 silly lifecycle react-redux-template@1.0.0~preopenbs: no script for preopenbs, continuing
7 info lifecycle react-redux-template@1.0.0~openbs: react-redux-template@1.0.0
8 verbose lifecycle react-redux-template@1.0.0~openbs: unsafe-perm in lifecycle true
9 verbose lifecycle react-redux-template@1.0.0~openbs: PATH: C:\Program Files\nodejs\node_modules\npm\bin\node-gyp-bin;C:\Users\sczhi\Desktop\studyFolder\React\react-redux-template\node_modules\.bin;C:\Program Files\VanDyke Software\Clients\;C:\ProgramData\Oracle\Java\javapath;C:\Python27\;C:\Python27\Scripts;C:\Windows\system32;C:\Windows;C:\Windows\System32\Wbem;C:\Windows\System32\WindowsPowerShell\v1.0\;C:\Program Files (x86)\NVIDIA Corporation\PhysX\Common;C:\Program Files\nodejs\;C:\Program Files\MongoDB\Server\3.2\bin;C:\Windows\system32\config\systemprofile\.dnx\bin;C:\Program Files\Microsoft DNX\Dnvm\;C:\Program Files\Microsoft SQL Server\120\Tools\Binn\;C:\Program Files\Microsoft SQL Server\130\Tools\Binn\;C:\Program Files\Java\jdk1.8.0_131\bin;C:\Program Files\Java\jdk1.8.0_131\jre\bin;C:\Program Files (x86)\Pandoc\;C:\Program Files (x86)\Windows Kits\8.1\Windows Performance Toolkit\;C:\Users\sczhi\AppData\Local\Android\sdk\platform-tools;C:\Users\sczhi\AppData\Local\Android\sdk;C:\Users\sczhi\AppData\Local\Android\sdk\emulator;C:\Users\sczhi\AppData\Local\Android\android-ndk-r10e;C:\Program Files\Git\cmd;C:\Program Files (x86)\Yarn\bin;C:\Ruby23-x64\bin;C:\Users\sczhi\AppData\Roaming\npm;C:\Users\sczhi\AppData\Local\Programs\Fiddler;C:\Users\sczhi\AppData\Local\Yarn\bin
10 verbose lifecycle react-redux-template@1.0.0~openbs: CWD: C:\Users\sczhi\Desktop\studyFolder\React\react-redux-template
11 silly lifecycle react-redux-template@1.0.0~openbs: Args: [ '/d /s /c', 'opn http://192.168.0.111:8080/' ]
12 silly lifecycle react-redux-template@1.0.0~openbs: Returned: code: 1  signal: null
13 info lifecycle react-redux-template@1.0.0~openbs: Failed to exec openbs script
14 verbose stack Error: react-redux-template@1.0.0 openbs: `opn http://192.168.0.111:8080/`
14 verbose stack Exit status 1
14 verbose stack     at EventEmitter.<anonymous> (C:\Program Files\nodejs\node_modules\npm\lib\utils\lifecycle.js:255:16)
14 verbose stack     at emitTwo (events.js:106:13)
14 verbose stack     at EventEmitter.emit (events.js:191:7)
14 verbose stack     at ChildProcess.<anonymous> (C:\Program Files\nodejs\node_modules\npm\lib\utils\spawn.js:40:14)
14 verbose stack     at emitTwo (events.js:106:13)
14 verbose stack     at ChildProcess.emit (events.js:191:7)
14 verbose stack     at maybeClose (internal/child_process.js:886:16)
14 verbose stack     at Process.ChildProcess._handle.onexit (internal/child_process.js:226:5)
15 verbose pkgid react-redux-template@1.0.0
16 verbose cwd C:\Users\sczhi\Desktop\studyFolder\React\react-redux-template
17 error Windows_NT 6.2.9200
18 error argv "C:\\Program Files\\nodejs\\node.exe" "C:\\Program Files\\nodejs\\node_modules\\npm\\bin\\npm-cli.js" "run" "openbs"
19 error node v6.10.3
20 error npm  v3.10.8
21 error code ELIFECYCLE
22 error react-redux-template@1.0.0 openbs: `opn http://192.168.0.111:8080/`
22 error Exit status 1
23 error Failed at the react-redux-template@1.0.0 openbs script 'opn http://192.168.0.111:8080/'.
23 error Make sure you have the latest version of node.js and npm installed.
23 error If you do, this is most likely a problem with the react-redux-template package,
23 error not with npm itself.
23 error Tell the author that this fails on your system:
23 error     opn http://192.168.0.111:8080/
23 error You can get information on how to open an issue for this project with:
23 error     npm bugs react-redux-template
23 error Or if that isn't available, you can get their info via:
23 error     npm owner ls react-redux-template
23 error There is likely additional logging output above.
24 verbose exit [ 1, true ]
